#1 [internal] load local bake definitions
#1 reading from stdin 613B done
#1 DONE 0.0s

#2 [internal] load build definition from Dockerfile
#2 transferring dockerfile: 910B done
#2 DONE 0.0s

#3 [internal] load metadata for docker.io/library/python:3.12-slim
#3 DONE 0.3s

#4 [internal] load .dockerignore
#4 transferring context: 2B done
#4 DONE 0.0s

#5 [1/9] FROM docker.io/library/python:3.12-slim@sha256:dc9e92fcdc085ad86dda976f4cfc58856dba33a438a16db37ff00151b285c8ca
#5 DONE 0.0s

#6 [internal] load build context
#6 transferring context: 6.48kB done
#6 DONE 0.0s

#7 [2/9] RUN apt-get update && apt-get install -y     libgl1     libglib2.0-0     libsm6     libxext6     libxrender-dev     libgomp1     fonts-nanum     && rm -rf /var/lib/apt/lists/*
#7 CACHED

#8 [3/9] WORKDIR /app
#8 CACHED

#9 [4/9] COPY FastApi/requirements.txt .
#9 CACHED

#10 [5/9] RUN pip install --no-cache-dir -r requirements.txt
#10 2.124 Collecting fastapi==0.118.0 (from -r requirements.txt (line 1))
#10 2.149   Downloading fastapi-0.118.0-py3-none-any.whl.metadata (28 kB)
#10 2.185 Collecting uvicorn==0.30.6 (from uvicorn[standard]==0.30.6->-r requirements.txt (line 2))
#10 2.190   Downloading uvicorn-0.30.6-py3-none-any.whl.metadata (6.6 kB)
#10 2.202 Collecting python-multipart==0.0.9 (from -r requirements.txt (line 3))
#10 2.207   Downloading python_multipart-0.0.9-py3-none-any.whl.metadata (2.5 kB)
#10 2.236 Collecting surya-ocr>=0.4.0 (from -r requirements.txt (line 4))
#10 2.242   Downloading surya_ocr-0.17.0-py3-none-any.whl.metadata (34 kB)
#10 2.315 Collecting opencv-python==4.10.0.84 (from -r requirements.txt (line 5))
#10 2.319   Downloading opencv_python-4.10.0.84-cp37-abi3-manylinux_2_17_x86_64.manylinux2014_x86_64.whl.metadata (20 kB)
#10 2.507 Collecting numpy==1.26.4 (from -r requirements.txt (line 6))
#10 2.513   Downloading numpy-1.26.4-cp312-cp312-manylinux_2_17_x86_64.manylinux2014_x86_64.whl.metadata (61 kB)
#10 2.636 Collecting matplotlib==3.9.2 (from -r requirements.txt (line 7))
#10 2.641   Downloading matplotlib-3.9.2-cp312-cp312-manylinux_2_17_x86_64.manylinux2014_x86_64.whl.metadata (11 kB)
#10 2.746 Collecting pydantic==2.9.1 (from -r requirements.txt (line 8))
#10 2.751   Downloading pydantic-2.9.1-py3-none-any.whl.metadata (146 kB)
#10 2.830 Collecting psutil==6.0.0 (from -r requirements.txt (line 9))
#10 2.837   Downloading psutil-6.0.0-cp36-abi3-manylinux_2_12_x86_64.manylinux2010_x86_64.manylinux_2_17_x86_64.manylinux2014_x86_64.whl.metadata (21 kB)
#10 2.988 Collecting PyMuPDF==1.24.10 (from -r requirements.txt (line 10))
#10 2.993   Downloading PyMuPDF-1.24.10-cp312-none-manylinux2014_x86_64.whl.metadata (3.4 kB)
#10 3.158 Collecting Pillow==10.4.0 (from -r requirements.txt (line 11))
#10 3.165   Downloading pillow-10.4.0-cp312-cp312-manylinux_2_28_x86_64.whl.metadata (9.2 kB)
#10 3.179 Collecting aiofiles==24.1.0 (from -r requirements.txt (line 12))
#10 3.183   Downloading aiofiles-24.1.0-py3-none-any.whl.metadata (10 kB)
#10 3.221 Collecting httpx==0.27.0 (from -r requirements.txt (line 13))
#10 3.225   Downloading httpx-0.27.0-py3-none-any.whl.metadata (7.2 kB)
#10 3.264 Collecting torch>=2.0.0 (from -r requirements.txt (line 14))
#10 3.269   Downloading torch-2.9.0-cp312-cp312-manylinux_2_28_x86_64.whl.metadata (30 kB)
#10 3.312 Collecting pytest==7.4.4 (from -r requirements.txt (line 17))
#10 3.317   Downloading pytest-7.4.4-py3-none-any.whl.metadata (7.9 kB)
#10 3.336 Collecting pytest-asyncio==0.23.5 (from -r requirements.txt (line 18))
#10 3.342   Downloading pytest_asyncio-0.23.5-py3-none-any.whl.metadata (3.9 kB)
#10 3.357 Collecting pytest-cov==4.1.0 (from -r requirements.txt (line 19))
#10 3.362   Downloading pytest_cov-4.1.0-py3-none-any.whl.metadata (26 kB)
#10 3.382 Collecting pytest-mock==3.12.0 (from -r requirements.txt (line 20))
#10 3.387   Downloading pytest_mock-3.12.0-py3-none-any.whl.metadata (3.8 kB)
#10 3.680 Collecting coverage==7.3.4 (from -r requirements.txt (line 22))
#10 3.685   Downloading coverage-7.3.4-cp312-cp312-manylinux_2_5_x86_64.manylinux1_x86_64.manylinux_2_17_x86_64.manylinux2014_x86_64.whl.metadata (8.1 kB)
#10 3.713 Collecting starlette<0.49.0,>=0.40.0 (from fastapi==0.118.0->-r requirements.txt (line 1))
#10 3.717   Downloading starlette-0.48.0-py3-none-any.whl.metadata (6.3 kB)
#10 3.765 Collecting typing-extensions>=4.8.0 (from fastapi==0.118.0->-r requirements.txt (line 1))
#10 3.769   Downloading typing_extensions-4.15.0-py3-none-any.whl.metadata (3.3 kB)
#10 3.787 Collecting click>=7.0 (from uvicorn==0.30.6->uvicorn[standard]==0.30.6->-r requirements.txt (line 2))
#10 3.791   Downloading click-8.3.0-py3-none-any.whl.metadata (2.6 kB)
#10 3.800 Collecting h11>=0.8 (from uvicorn==0.30.6->uvicorn[standard]==0.30.6->-r requirements.txt (line 2))
#10 3.804   Downloading h11-0.16.0-py3-none-any.whl.metadata (8.3 kB)
#10 3.916 Collecting contourpy>=1.0.1 (from matplotlib==3.9.2->-r requirements.txt (line 7))
#10 3.921   Downloading contourpy-1.3.3-cp312-cp312-manylinux_2_27_x86_64.manylinux_2_28_x86_64.whl.metadata (5.5 kB)
#10 3.932 Collecting cycler>=0.10 (from matplotlib==3.9.2->-r requirements.txt (line 7))
#10 3.937   Downloading cycler-0.12.1-py3-none-any.whl.metadata (3.8 kB)
#10 4.068 Collecting fonttools>=4.22.0 (from matplotlib==3.9.2->-r requirements.txt (line 7))
#10 4.073   Downloading fonttools-4.60.1-cp312-cp312-manylinux1_x86_64.manylinux2014_x86_64.manylinux_2_17_x86_64.manylinux_2_5_x86_64.whl.metadata (112 kB)
#10 4.175 Collecting kiwisolver>=1.3.1 (from matplotlib==3.9.2->-r requirements.txt (line 7))
#10 4.180   Downloading kiwisolver-1.4.9-cp312-cp312-manylinux2014_x86_64.manylinux_2_17_x86_64.whl.metadata (6.3 kB)
#10 4.208 Collecting packaging>=20.0 (from matplotlib==3.9.2->-r requirements.txt (line 7))
#10 4.212   Downloading packaging-25.0-py3-none-any.whl.metadata (3.3 kB)
#10 4.239 Collecting pyparsing>=2.3.1 (from matplotlib==3.9.2->-r requirements.txt (line 7))
#10 4.244   Downloading pyparsing-3.2.5-py3-none-any.whl.metadata (5.0 kB)
#10 4.255 Collecting python-dateutil>=2.7 (from matplotlib==3.9.2->-r requirements.txt (line 7))
#10 4.260   Downloading python_dateutil-2.9.0.post0-py2.py3-none-any.whl.metadata (8.4 kB)
#10 4.269 Collecting annotated-types>=0.6.0 (from pydantic==2.9.1->-r requirements.txt (line 8))
#10 4.273   Downloading annotated_types-0.7.0-py3-none-any.whl.metadata (15 kB)
#10 4.891 Collecting pydantic-core==2.23.3 (from pydantic==2.9.1->-r requirements.txt (line 8))
#10 4.896   Downloading pydantic_core-2.23.3-cp312-cp312-manylinux_2_17_x86_64.manylinux2014_x86_64.whl.metadata (6.6 kB)
#10 4.919 Collecting PyMuPDFb==1.24.10 (from PyMuPDF==1.24.10->-r requirements.txt (line 10))
#10 4.924   Downloading PyMuPDFb-1.24.10-py3-none-manylinux2014_x86_64.manylinux_2_17_x86_64.whl.metadata (1.4 kB)
#10 4.988 Collecting anyio (from httpx==0.27.0->-r requirements.txt (line 13))
#10 4.992   Downloading anyio-4.11.0-py3-none-any.whl.metadata (4.1 kB)
#10 5.010 Collecting certifi (from httpx==0.27.0->-r requirements.txt (line 13))
#10 5.014   Downloading certifi-2025.10.5-py3-none-any.whl.metadata (2.5 kB)
#10 5.031 Collecting httpcore==1.* (from httpx==0.27.0->-r requirements.txt (line 13))
#10 5.036   Downloading httpcore-1.0.9-py3-none-any.whl.metadata (21 kB)
#10 5.050 Collecting idna (from httpx==0.27.0->-r requirements.txt (line 13))
#10 5.054   Downloading idna-3.11-py3-none-any.whl.metadata (8.4 kB)
#10 5.063 Collecting sniffio (from httpx==0.27.0->-r requirements.txt (line 13))
#10 5.067   Downloading sniffio-1.3.1-py3-none-any.whl.metadata (3.9 kB)
#10 5.075 Collecting iniconfig (from pytest==7.4.4->-r requirements.txt (line 17))
#10 5.079   Downloading iniconfig-2.1.0-py3-none-any.whl.metadata (2.7 kB)
#10 5.092 Collecting pluggy<2.0,>=0.12 (from pytest==7.4.4->-r requirements.txt (line 17))
#10 5.096   Downloading pluggy-1.6.0-py3-none-any.whl.metadata (4.8 kB)
#10 5.173 Collecting httptools>=0.5.0 (from uvicorn[standard]==0.30.6->-r requirements.txt (line 2))
#10 5.178   Downloading httptools-0.7.1-cp312-cp312-manylinux1_x86_64.manylinux_2_28_x86_64.manylinux_2_5_x86_64.whl.metadata (3.5 kB)
#10 5.191 Collecting python-dotenv>=0.13 (from uvicorn[standard]==0.30.6->-r requirements.txt (line 2))
#10 5.195   Downloading python_dotenv-1.1.1-py3-none-any.whl.metadata (24 kB)
#10 5.233 Collecting pyyaml>=5.1 (from uvicorn[standard]==0.30.6->-r requirements.txt (line 2))
#10 5.238   Downloading pyyaml-6.0.3-cp312-cp312-manylinux2014_x86_64.manylinux_2_17_x86_64.manylinux_2_28_x86_64.whl.metadata (2.4 kB)
#10 5.276 Collecting uvloop!=0.15.0,!=0.15.1,>=0.14.0 (from uvicorn[standard]==0.30.6->-r requirements.txt (line 2))
#10 5.280   Downloading uvloop-0.21.0-cp312-cp312-manylinux_2_17_x86_64.manylinux2014_x86_64.whl.metadata (4.9 kB)
#10 5.354 Collecting watchfiles>=0.13 (from uvicorn[standard]==0.30.6->-r requirements.txt (line 2))
#10 5.358   Downloading watchfiles-1.1.1-cp312-cp312-manylinux_2_17_x86_64.manylinux2014_x86_64.whl.metadata (4.9 kB)
#10 5.434 Collecting websockets>=10.4 (from uvicorn[standard]==0.30.6->-r requirements.txt (line 2))
#10 5.439   Downloading websockets-15.0.1-cp312-cp312-manylinux_2_5_x86_64.manylinux1_x86_64.manylinux_2_17_x86_64.manylinux2014_x86_64.whl.metadata (6.8 kB)
#10 5.463 Collecting einops<0.9.0,>=0.8.1 (from surya-ocr>=0.4.0->-r requirements.txt (line 4))
#10 5.468   Downloading einops-0.8.1-py3-none-any.whl.metadata (13 kB)
#10 5.480 Collecting filetype<2.0.0,>=1.2.0 (from surya-ocr>=0.4.0->-r requirements.txt (line 4))
#10 5.485   Downloading filetype-1.2.0-py2.py3-none-any.whl.metadata (6.5 kB)
#10 5.535 Collecting opencv-python-headless==4.11.0.86 (from surya-ocr>=0.4.0->-r requirements.txt (line 4))
#10 5.540   Downloading opencv_python_headless-4.11.0.86-cp37-abi3-manylinux_2_17_x86_64.manylinux2014_x86_64.whl.metadata (20 kB)
#10 5.563 Collecting platformdirs<5.0.0,>=4.3.6 (from surya-ocr>=0.4.0->-r requirements.txt (line 4))
#10 5.567   Downloading platformdirs-4.5.0-py3-none-any.whl.metadata (12 kB)
#10 5.606 Collecting pre-commit<5.0.0,>=4.2.0 (from surya-ocr>=0.4.0->-r requirements.txt (line 4))
#10 5.610   Downloading pre_commit-4.3.0-py2.py3-none-any.whl.metadata (1.2 kB)
#10 5.640 Collecting pydantic-settings<3.0.0,>=2.1.0 (from surya-ocr>=0.4.0->-r requirements.txt (line 4))
#10 5.644   Downloading pydantic_settings-2.11.0-py3-none-any.whl.metadata (3.4 kB)
#10 5.711 Collecting pypdfium2==4.30.0 (from surya-ocr>=0.4.0->-r requirements.txt (line 4))
#10 5.715   Downloading pypdfium2-4.30.0-py3-none-manylinux_2_17_x86_64.manylinux2014_x86_64.whl.metadata (48 kB)
#10 5.765 Collecting transformers>=4.56.1 (from surya-ocr>=0.4.0->-r requirements.txt (line 4))
#10 5.769   Downloading transformers-4.57.1-py3-none-any.whl.metadata (43 kB)
#10 5.954 Collecting filelock (from torch>=2.0.0->-r requirements.txt (line 14))
#10 5.959   Downloading filelock-3.20.0-py3-none-any.whl.metadata (2.1 kB)
#10 6.119 Collecting setuptools (from torch>=2.0.0->-r requirements.txt (line 14))
#10 6.123   Downloading setuptools-80.9.0-py3-none-any.whl.metadata (6.6 kB)
#10 6.148 Collecting sympy>=1.13.3 (from torch>=2.0.0->-r requirements.txt (line 14))
#10 6.152   Downloading sympy-1.14.0-py3-none-any.whl.metadata (12 kB)
#10 6.177 Collecting networkx>=2.5.1 (from torch>=2.0.0->-r requirements.txt (line 14))
#10 6.181   Downloading networkx-3.5-py3-none-any.whl.metadata (6.3 kB)
#10 6.199 Collecting jinja2 (from torch>=2.0.0->-r requirements.txt (line 14))
#10 6.204   Downloading jinja2-3.1.6-py3-none-any.whl.metadata (2.9 kB)
#10 6.226 Collecting fsspec>=0.8.5 (from torch>=2.0.0->-r requirements.txt (line 14))
#10 6.231   Downloading fsspec-2025.9.0-py3-none-any.whl.metadata (10 kB)
#10 6.266 Collecting nvidia-cuda-nvrtc-cu12==12.8.93 (from torch>=2.0.0->-r requirements.txt (line 14))
#10 6.271   Downloading nvidia_cuda_nvrtc_cu12-12.8.93-py3-none-manylinux2010_x86_64.manylinux_2_12_x86_64.whl.metadata (1.7 kB)
#10 6.283 Collecting nvidia-cuda-runtime-cu12==12.8.90 (from torch>=2.0.0->-r requirements.txt (line 14))
#10 6.288   Downloading nvidia_cuda_runtime_cu12-12.8.90-py3-none-manylinux2014_x86_64.manylinux_2_17_x86_64.whl.metadata (1.7 kB)
#10 6.299 Collecting nvidia-cuda-cupti-cu12==12.8.90 (from torch>=2.0.0->-r requirements.txt (line 14))
#10 6.303   Downloading nvidia_cuda_cupti_cu12-12.8.90-py3-none-manylinux2014_x86_64.manylinux_2_17_x86_64.whl.metadata (1.7 kB)
#10 6.315 Collecting nvidia-cudnn-cu12==9.10.2.21 (from torch>=2.0.0->-r requirements.txt (line 14))
#10 6.320   Downloading nvidia_cudnn_cu12-9.10.2.21-py3-none-manylinux_2_27_x86_64.whl.metadata (1.8 kB)
#10 6.331 Collecting nvidia-cublas-cu12==12.8.4.1 (from torch>=2.0.0->-r requirements.txt (line 14))
#10 6.336   Downloading nvidia_cublas_cu12-12.8.4.1-py3-none-manylinux_2_27_x86_64.whl.metadata (1.7 kB)
#10 6.346 Collecting nvidia-cufft-cu12==11.3.3.83 (from torch>=2.0.0->-r requirements.txt (line 14))
#10 6.351   Downloading nvidia_cufft_cu12-11.3.3.83-py3-none-manylinux2014_x86_64.manylinux_2_17_x86_64.whl.metadata (1.7 kB)
#10 6.361 Collecting nvidia-curand-cu12==10.3.9.90 (from torch>=2.0.0->-r requirements.txt (line 14))
#10 6.364   Downloading nvidia_curand_cu12-10.3.9.90-py3-none-manylinux_2_27_x86_64.whl.metadata (1.7 kB)
#10 6.374 Collecting nvidia-cusolver-cu12==11.7.3.90 (from torch>=2.0.0->-r requirements.txt (line 14))
#10 6.378   Downloading nvidia_cusolver_cu12-11.7.3.90-py3-none-manylinux_2_27_x86_64.whl.metadata (1.8 kB)
#10 6.389 Collecting nvidia-cusparse-cu12==12.5.8.93 (from torch>=2.0.0->-r requirements.txt (line 14))
#10 6.394   Downloading nvidia_cusparse_cu12-12.5.8.93-py3-none-manylinux2014_x86_64.manylinux_2_17_x86_64.whl.metadata (1.8 kB)
#10 6.403 Collecting nvidia-cusparselt-cu12==0.7.1 (from torch>=2.0.0->-r requirements.txt (line 14))
#10 6.408   Downloading nvidia_cusparselt_cu12-0.7.1-py3-none-manylinux2014_x86_64.whl.metadata (7.0 kB)
#10 6.420 Collecting nvidia-nccl-cu12==2.27.5 (from torch>=2.0.0->-r requirements.txt (line 14))
#10 6.425   Downloading nvidia_nccl_cu12-2.27.5-py3-none-manylinux2014_x86_64.manylinux_2_17_x86_64.whl.metadata (2.0 kB)
#10 6.434 Collecting nvidia-nvshmem-cu12==3.3.20 (from torch>=2.0.0->-r requirements.txt (line 14))
#10 6.439   Downloading nvidia_nvshmem_cu12-3.3.20-py3-none-manylinux2014_x86_64.manylinux_2_17_x86_64.whl.metadata (2.1 kB)
#10 6.451 Collecting nvidia-nvtx-cu12==12.8.90 (from torch>=2.0.0->-r requirements.txt (line 14))
#10 6.455   Downloading nvidia_nvtx_cu12-12.8.90-py3-none-manylinux2014_x86_64.manylinux_2_17_x86_64.whl.metadata (1.8 kB)
#10 6.467 Collecting nvidia-nvjitlink-cu12==12.8.93 (from torch>=2.0.0->-r requirements.txt (line 14))
#10 6.472   Downloading nvidia_nvjitlink_cu12-12.8.93-py3-none-manylinux2010_x86_64.manylinux_2_12_x86_64.whl.metadata (1.7 kB)
#10 6.479 Collecting nvidia-cufile-cu12==1.13.1.3 (from torch>=2.0.0->-r requirements.txt (line 14))
#10 6.483   Downloading nvidia_cufile_cu12-1.13.1.3-py3-none-manylinux2014_x86_64.manylinux_2_17_x86_64.whl.metadata (1.7 kB)
#10 6.497 Collecting triton==3.5.0 (from torch>=2.0.0->-r requirements.txt (line 14))
#10 6.502   Downloading triton-3.5.0-cp312-cp312-manylinux_2_27_x86_64.manylinux_2_28_x86_64.whl.metadata (1.7 kB)
#10 6.576 Collecting cfgv>=2.0.0 (from pre-commit<5.0.0,>=4.2.0->surya-ocr>=0.4.0->-r requirements.txt (line 4))
#10 6.580   Downloading cfgv-3.4.0-py2.py3-none-any.whl.metadata (8.5 kB)
#10 6.618 Collecting identify>=1.0.0 (from pre-commit<5.0.0,>=4.2.0->surya-ocr>=0.4.0->-r requirements.txt (line 4))
#10 6.622   Downloading identify-2.6.15-py2.py3-none-any.whl.metadata (4.4 kB)
#10 6.636 Collecting nodeenv>=0.11.1 (from pre-commit<5.0.0,>=4.2.0->surya-ocr>=0.4.0->-r requirements.txt (line 4))
#10 6.640   Downloading nodeenv-1.9.1-py2.py3-none-any.whl.metadata (21 kB)
#10 6.685 Collecting virtualenv>=20.10.0 (from pre-commit<5.0.0,>=4.2.0->surya-ocr>=0.4.0->-r requirements.txt (line 4))
#10 6.689   Downloading virtualenv-20.35.3-py3-none-any.whl.metadata (4.6 kB)
#10 6.726 Collecting typing-inspection>=0.4.0 (from pydantic-settings<3.0.0,>=2.1.0->surya-ocr>=0.4.0->-r requirements.txt (line 4))
#10 6.731   Downloading typing_inspection-0.4.2-py3-none-any.whl.metadata (2.6 kB)
#10 6.748 Collecting six>=1.5 (from python-dateutil>=2.7->matplotlib==3.9.2->-r requirements.txt (line 7))
#10 6.752   Downloading six-1.17.0-py2.py3-none-any.whl.metadata (1.7 kB)
#10 6.793 Collecting mpmath<1.4,>=1.1.0 (from sympy>=1.13.3->torch>=2.0.0->-r requirements.txt (line 14))
#10 6.798   Downloading mpmath-1.3.0-py3-none-any.whl.metadata (8.6 kB)
#10 6.841 Collecting huggingface-hub<1.0,>=0.34.0 (from transformers>=4.56.1->surya-ocr>=0.4.0->-r requirements.txt (line 4))
#10 6.846   Downloading huggingface_hub-0.35.3-py3-none-any.whl.metadata (14 kB)
#10 7.165 Collecting regex!=2019.12.17 (from transformers>=4.56.1->surya-ocr>=0.4.0->-r requirements.txt (line 4))
#10 7.170   Downloading regex-2025.9.18-cp312-cp312-manylinux2014_x86_64.manylinux_2_17_x86_64.manylinux_2_28_x86_64.whl.metadata (40 kB)
#10 7.199 Collecting requests (from transformers>=4.56.1->surya-ocr>=0.4.0->-r requirements.txt (line 4))
#10 7.204   Downloading requests-2.32.5-py3-none-any.whl.metadata (4.9 kB)
#10 7.399 Collecting tokenizers<=0.23.0,>=0.22.0 (from transformers>=4.56.1->surya-ocr>=0.4.0->-r requirements.txt (line 4))
#10 7.404   Downloading tokenizers-0.22.1-cp39-abi3-manylinux_2_17_x86_64.manylinux2014_x86_64.whl.metadata (6.8 kB)
#10 7.507 Collecting safetensors>=0.4.3 (from transformers>=4.56.1->surya-ocr>=0.4.0->-r requirements.txt (line 4))
#10 7.511   Downloading safetensors-0.6.2-cp38-abi3-manylinux_2_17_x86_64.manylinux2014_x86_64.whl.metadata (4.1 kB)
#10 7.548 Collecting tqdm>=4.27 (from transformers>=4.56.1->surya-ocr>=0.4.0->-r requirements.txt (line 4))
#10 7.553   Downloading tqdm-4.67.1-py3-none-any.whl.metadata (57 kB)
#10 7.631 Collecting MarkupSafe>=2.0 (from jinja2->torch>=2.0.0->-r requirements.txt (line 14))
#10 7.636   Downloading markupsafe-3.0.3-cp312-cp312-manylinux2014_x86_64.manylinux_2_17_x86_64.manylinux_2_28_x86_64.whl.metadata (2.7 kB)
#10 7.702 Collecting hf-xet<2.0.0,>=1.1.3 (from huggingface-hub<1.0,>=0.34.0->transformers>=4.56.1->surya-ocr>=0.4.0->-r requirements.txt (line 4))
#10 7.707   Downloading hf_xet-1.1.10-cp37-abi3-manylinux_2_17_x86_64.manylinux2014_x86_64.whl.metadata (4.7 kB)
#10 7.762 Collecting distlib<1,>=0.3.7 (from virtualenv>=20.10.0->pre-commit<5.0.0,>=4.2.0->surya-ocr>=0.4.0->-r requirements.txt (line 4))
#10 7.766   Downloading distlib-0.4.0-py2.py3-none-any.whl.metadata (5.2 kB)
#10 7.848 Collecting charset_normalizer<4,>=2 (from requests->transformers>=4.56.1->surya-ocr>=0.4.0->-r requirements.txt (line 4))
#10 7.852   Downloading charset_normalizer-3.4.4-cp312-cp312-manylinux2014_x86_64.manylinux_2_17_x86_64.manylinux_2_28_x86_64.whl.metadata (37 kB)
#10 7.883 Collecting urllib3<3,>=1.21.1 (from requests->transformers>=4.56.1->surya-ocr>=0.4.0->-r requirements.txt (line 4))
#10 7.887   Downloading urllib3-2.5.0-py3-none-any.whl.metadata (6.5 kB)
#10 7.912 Downloading fastapi-0.118.0-py3-none-any.whl (97 kB)
#10 7.925 Downloading uvicorn-0.30.6-py3-none-any.whl (62 kB)
#10 7.935 Downloading python_multipart-0.0.9-py3-none-any.whl (22 kB)
#10 7.940 Downloading opencv_python-4.10.0.84-cp37-abi3-manylinux_2_17_x86_64.manylinux2014_x86_64.whl (62.5 MB)
#10 13.36    ━━━━━━━━━━━━━━━━━━━━━━━━━━━━━━━━━━━━━━━━ 62.5/62.5 MB 11.5 MB/s eta 0:00:00
#10 13.37 Downloading numpy-1.26.4-cp312-cp312-manylinux_2_17_x86_64.manylinux2014_x86_64.whl (18.0 MB)
#10 14.93    ━━━━━━━━━━━━━━━━━━━━━━━━━━━━━━━━━━━━━━━━ 18.0/18.0 MB 11.5 MB/s eta 0:00:00
#10 14.94 Downloading matplotlib-3.9.2-cp312-cp312-manylinux_2_17_x86_64.manylinux2014_x86_64.whl (8.3 MB)
#10 15.65    ━━━━━━━━━━━━━━━━━━━━━━━━━━━━━━━━━━━━━━━━ 8.3/8.3 MB 11.7 MB/s eta 0:00:00
#10 15.66 Downloading pydantic-2.9.1-py3-none-any.whl (434 kB)
#10 15.70 Downloading psutil-6.0.0-cp36-abi3-manylinux_2_12_x86_64.manylinux2010_x86_64.manylinux_2_17_x86_64.manylinux2014_x86_64.whl (290 kB)
#10 15.74 Downloading PyMuPDF-1.24.10-cp312-none-manylinux2014_x86_64.whl (3.5 MB)
#10 16.07    ━━━━━━━━━━━━━━━━━━━━━━━━━━━━━━━━━━━━━━━━ 3.5/3.5 MB 10.8 MB/s eta 0:00:00
#10 16.08 Downloading pillow-10.4.0-cp312-cp312-manylinux_2_28_x86_64.whl (4.5 MB)
#10 16.46    ━━━━━━━━━━━━━━━━━━━━━━━━━━━━━━━━━━━━━━━━ 4.5/4.5 MB 11.7 MB/s eta 0:00:00
#10 16.47 Downloading aiofiles-24.1.0-py3-none-any.whl (15 kB)
#10 16.47 Downloading httpx-0.27.0-py3-none-any.whl (75 kB)
#10 16.49 Downloading pytest-7.4.4-py3-none-any.whl (325 kB)
#10 16.52 Downloading pytest_asyncio-0.23.5-py3-none-any.whl (17 kB)
#10 16.52 Downloading pytest_cov-4.1.0-py3-none-any.whl (21 kB)
#10 16.53 Downloading pytest_mock-3.12.0-py3-none-any.whl (9.8 kB)
#10 16.53 Downloading coverage-7.3.4-cp312-cp312-manylinux_2_5_x86_64.manylinux1_x86_64.manylinux_2_17_x86_64.manylinux2014_x86_64.whl (233 kB)
#10 16.56 Downloading httpcore-1.0.9-py3-none-any.whl (78 kB)
#10 16.57 Downloading pydantic_core-2.23.3-cp312-cp312-manylinux_2_17_x86_64.manylinux2014_x86_64.whl (2.1 MB)
#10 16.75    ━━━━━━━━━━━━━━━━━━━━━━━━━━━━━━━━━━━━━━━━ 2.1/2.1 MB 11.7 MB/s eta 0:00:00
#10 16.75 Downloading PyMuPDFb-1.24.10-py3-none-manylinux2014_x86_64.manylinux_2_17_x86_64.whl (15.9 MB)
#10 18.12    ━━━━━━━━━━━━━━━━━━━━━━━━━━━━━━━━━━━━━━━━ 15.9/15.9 MB 11.7 MB/s eta 0:00:00
#10 18.12 Downloading surya_ocr-0.17.0-py3-none-any.whl (183 kB)
#10 18.14 Downloading opencv_python_headless-4.11.0.86-cp37-abi3-manylinux_2_17_x86_64.manylinux2014_x86_64.whl (50.0 MB)
#10 22.63    ━━━━━━━━━━━━━━━━━━━━━━━━━━━━━━━━━━━━━━━━ 50.0/50.0 MB 11.2 MB/s eta 0:00:00
#10 22.64 Downloading pypdfium2-4.30.0-py3-none-manylinux_2_17_x86_64.manylinux2014_x86_64.whl (2.8 MB)
#10 22.88    ━━━━━━━━━━━━━━━━━━━━━━━━━━━━━━━━━━━━━━━━ 2.8/2.8 MB 11.7 MB/s eta 0:00:00
#10 22.88 Downloading torch-2.9.0-cp312-cp312-manylinux_2_28_x86_64.whl (899.7 MB)
#10 101.5    ━━━━━━━━━━━━━━━━━━━━━━━━━━━━━━━━━━━━━━━━ 899.7/899.7 MB 11.6 MB/s eta 0:00:00
#10 101.5 Downloading nvidia_cublas_cu12-12.8.4.1-py3-none-manylinux_2_27_x86_64.whl (594.3 MB)
#10 152.7    ━━━━━━━━━━━━━━━━━━━━━━━━━━━━━━━━━━━━━━━━ 594.3/594.3 MB 11.6 MB/s eta 0:00:00
#10 152.7 Downloading nvidia_cuda_cupti_cu12-12.8.90-py3-none-manylinux2014_x86_64.manylinux_2_17_x86_64.whl (10.2 MB)
#10 153.6    ━━━━━━━━━━━━━━━━━━━━━━━━━━━━━━━━━━━━━━━━ 10.2/10.2 MB 11.7 MB/s eta 0:00:00
#10 153.6 Downloading nvidia_cuda_nvrtc_cu12-12.8.93-py3-none-manylinux2010_x86_64.manylinux_2_12_x86_64.whl (88.0 MB)
#10 161.1    ━━━━━━━━━━━━━━━━━━━━━━━━━━━━━━━━━━━━━━━━ 88.0/88.0 MB 11.7 MB/s eta 0:00:00
#10 161.2 Downloading nvidia_cuda_runtime_cu12-12.8.90-py3-none-manylinux2014_x86_64.manylinux_2_17_x86_64.whl (954 kB)
#10 161.2    ━━━━━━━━━━━━━━━━━━━━━━━━━━━━━━━━━━━━━━━━ 954.8/954.8 kB 11.7 MB/s eta 0:00:00
#10 161.2 Downloading nvidia_cudnn_cu12-9.10.2.21-py3-none-manylinux_2_27_x86_64.whl (706.8 MB)
#10 221.7    ━━━━━━━━━━━━━━━━━━━━━━━━━━━━━━━━━━━━━━━━ 706.8/706.8 MB 11.7 MB/s eta 0:00:00
#10 221.7 Downloading nvidia_cufft_cu12-11.3.3.83-py3-none-manylinux2014_x86_64.manylinux_2_17_x86_64.whl (193.1 MB)
#10 238.2    ━━━━━━━━━━━━━━━━━━━━━━━━━━━━━━━━━━━━━━━━ 193.1/193.1 MB 11.7 MB/s eta 0:00:00
#10 238.2 Downloading nvidia_cufile_cu12-1.13.1.3-py3-none-manylinux2014_x86_64.manylinux_2_17_x86_64.whl (1.2 MB)
#10 238.3    ━━━━━━━━━━━━━━━━━━━━━━━━━━━━━━━━━━━━━━━━ 1.2/1.2 MB 11.7 MB/s eta 0:00:00
#10 238.3 Downloading nvidia_curand_cu12-10.3.9.90-py3-none-manylinux_2_27_x86_64.whl (63.6 MB)
#10 243.8    ━━━━━━━━━━━━━━━━━━━━━━━━━━━━━━━━━━━━━━━━ 63.6/63.6 MB 11.7 MB/s eta 0:00:00
#10 243.8 Downloading nvidia_cusolver_cu12-11.7.3.90-py3-none-manylinux_2_27_x86_64.whl (267.5 MB)
#10 266.7    ━━━━━━━━━━━━━━━━━━━━━━━━━━━━━━━━━━━━━━━━ 267.5/267.5 MB 11.7 MB/s eta 0:00:00
#10 266.7 Downloading nvidia_cusparse_cu12-12.5.8.93-py3-none-manylinux2014_x86_64.manylinux_2_17_x86_64.whl (288.2 MB)
#10 291.3    ━━━━━━━━━━━━━━━━━━━━━━━━━━━━━━━━━━━━━━━━ 288.2/288.2 MB 11.7 MB/s eta 0:00:00
#10 291.3 Downloading nvidia_cusparselt_cu12-0.7.1-py3-none-manylinux2014_x86_64.whl (287.2 MB)
#10 316.7    ━━━━━━━━━━━━━━━━━━━━━━━━━━━━━━━━━━━━━━━━ 287.2/287.2 MB 11.3 MB/s eta 0:00:00
#10 316.7 Downloading nvidia_nccl_cu12-2.27.5-py3-none-manylinux2014_x86_64.manylinux_2_17_x86_64.whl (322.3 MB)
#10 344.6    ━━━━━━━━━━━━━━━━━━━━━━━━━━━━━━━━━━━━━━━━ 322.3/322.3 MB 11.6 MB/s eta 0:00:00
#10 344.6 Downloading nvidia_nvjitlink_cu12-12.8.93-py3-none-manylinux2010_x86_64.manylinux_2_12_x86_64.whl (39.3 MB)
#10 348.0    ━━━━━━━━━━━━━━━━━━━━━━━━━━━━━━━━━━━━━━━━ 39.3/39.3 MB 11.5 MB/s eta 0:00:00
#10 348.0 Downloading nvidia_nvshmem_cu12-3.3.20-py3-none-manylinux2014_x86_64.manylinux_2_17_x86_64.whl (124.7 MB)
#10 359.2    ━━━━━━━━━━━━━━━━━━━━━━━━━━━━━━━━━━━━━━━━ 124.7/124.7 MB 11.2 MB/s eta 0:00:00
#10 359.2 Downloading nvidia_nvtx_cu12-12.8.90-py3-none-manylinux2014_x86_64.manylinux_2_17_x86_64.whl (89 kB)
#10 359.2 Downloading triton-3.5.0-cp312-cp312-manylinux_2_27_x86_64.manylinux_2_28_x86_64.whl (170.5 MB)
#10 374.3    ━━━━━━━━━━━━━━━━━━━━━━━━━━━━━━━━━━━━━━━━ 170.5/170.5 MB 11.3 MB/s eta 0:00:00
#10 374.3 Downloading annotated_types-0.7.0-py3-none-any.whl (13 kB)
#10 374.4 Downloading click-8.3.0-py3-none-any.whl (107 kB)
#10 374.4 Downloading contourpy-1.3.3-cp312-cp312-manylinux_2_27_x86_64.manylinux_2_28_x86_64.whl (362 kB)
#10 374.4 Downloading cycler-0.12.1-py3-none-any.whl (8.3 kB)
#10 374.4 Downloading einops-0.8.1-py3-none-any.whl (64 kB)
#10 374.4 Downloading filetype-1.2.0-py2.py3-none-any.whl (19 kB)
#10 374.4 Downloading fonttools-4.60.1-cp312-cp312-manylinux1_x86_64.manylinux2014_x86_64.manylinux_2_17_x86_64.manylinux_2_5_x86_64.whl (4.9 MB)
#10 374.8    ━━━━━━━━━━━━━━━━━━━━━━━━━━━━━━━━━━━━━━━━ 4.9/4.9 MB 11.9 MB/s eta 0:00:00
#10 374.9 Downloading fsspec-2025.9.0-py3-none-any.whl (199 kB)
#10 374.9 Downloading h11-0.16.0-py3-none-any.whl (37 kB)
#10 374.9 Downloading httptools-0.7.1-cp312-cp312-manylinux1_x86_64.manylinux_2_28_x86_64.manylinux_2_5_x86_64.whl (517 kB)
#10 374.9 Downloading kiwisolver-1.4.9-cp312-cp312-manylinux2014_x86_64.manylinux_2_17_x86_64.whl (1.5 MB)
#10 375.1    ━━━━━━━━━━━━━━━━━━━━━━━━━━━━━━━━━━━━━━━━ 1.5/1.5 MB 11.6 MB/s eta 0:00:00
#10 375.1 Downloading networkx-3.5-py3-none-any.whl (2.0 MB)
#10 375.2    ━━━━━━━━━━━━━━━━━━━━━━━━━━━━━━━━━━━━━━━━ 2.0/2.0 MB 11.7 MB/s eta 0:00:00
#10 375.2 Downloading packaging-25.0-py3-none-any.whl (66 kB)
#10 375.3 Downloading platformdirs-4.5.0-py3-none-any.whl (18 kB)
#10 375.3 Downloading pluggy-1.6.0-py3-none-any.whl (20 kB)
#10 375.3 Downloading pre_commit-4.3.0-py2.py3-none-any.whl (220 kB)
#10 375.3 Downloading pydantic_settings-2.11.0-py3-none-any.whl (48 kB)
#10 375.3 Downloading pyparsing-3.2.5-py3-none-any.whl (113 kB)
#10 375.3 Downloading python_dateutil-2.9.0.post0-py2.py3-none-any.whl (229 kB)
#10 375.3 Downloading python_dotenv-1.1.1-py3-none-any.whl (20 kB)
#10 375.3 Downloading pyyaml-6.0.3-cp312-cp312-manylinux2014_x86_64.manylinux_2_17_x86_64.manylinux_2_28_x86_64.whl (807 kB)
#10 375.4    ━━━━━━━━━━━━━━━━━━━━━━━━━━━━━━━━━━━━━━━━ 807.9/807.9 kB 10.0 MB/s eta 0:00:00
#10 375.4 Downloading starlette-0.48.0-py3-none-any.whl (73 kB)
#10 375.4 Downloading anyio-4.11.0-py3-none-any.whl (109 kB)
#10 375.5 Downloading idna-3.11-py3-none-any.whl (71 kB)
#10 375.5 Downloading sniffio-1.3.1-py3-none-any.whl (10 kB)
#10 375.5 Downloading sympy-1.14.0-py3-none-any.whl (6.3 MB)
#10 376.1    ━━━━━━━━━━━━━━━━━━━━━━━━━━━━━━━━━━━━━━━━ 6.3/6.3 MB 10.4 MB/s eta 0:00:00
#10 376.1 Downloading transformers-4.57.1-py3-none-any.whl (12.0 MB)
#10 377.2    ━━━━━━━━━━━━━━━━━━━━━━━━━━━━━━━━━━━━━━━━ 12.0/12.0 MB 11.0 MB/s eta 0:00:00
#10 377.2 Downloading typing_extensions-4.15.0-py3-none-any.whl (44 kB)
#10 377.2 Downloading uvloop-0.21.0-cp312-cp312-manylinux_2_17_x86_64.manylinux2014_x86_64.whl (4.7 MB)
#10 377.7    ━━━━━━━━━━━━━━━━━━━━━━━━━━━━━━━━━━━━━━━━ 4.7/4.7 MB 10.4 MB/s eta 0:00:00
#10 377.7 Downloading watchfiles-1.1.1-cp312-cp312-manylinux_2_17_x86_64.manylinux2014_x86_64.whl (456 kB)
#10 377.7 Downloading websockets-15.0.1-cp312-cp312-manylinux_2_5_x86_64.manylinux1_x86_64.manylinux_2_17_x86_64.manylinux2014_x86_64.whl (182 kB)
#10 377.7 Downloading certifi-2025.10.5-py3-none-any.whl (163 kB)
#10 377.8 Downloading filelock-3.20.0-py3-none-any.whl (16 kB)
#10 377.8 Downloading iniconfig-2.1.0-py3-none-any.whl (6.0 kB)
#10 377.8 Downloading jinja2-3.1.6-py3-none-any.whl (134 kB)
#10 377.8 Downloading setuptools-80.9.0-py3-none-any.whl (1.2 MB)
#10 377.9    ━━━━━━━━━━━━━━━━━━━━━━━━━━━━━━━━━━━━━━━━ 1.2/1.2 MB 11.7 MB/s eta 0:00:00
#10 377.9 Downloading cfgv-3.4.0-py2.py3-none-any.whl (7.2 kB)
#10 377.9 Downloading huggingface_hub-0.35.3-py3-none-any.whl (564 kB)
#10 377.9    ━━━━━━━━━━━━━━━━━━━━━━━━━━━━━━━━━━━━━━━━ 564.3/564.3 kB 11.9 MB/s eta 0:00:00
#10 378.0 Downloading identify-2.6.15-py2.py3-none-any.whl (99 kB)
#10 378.0 Downloading markupsafe-3.0.3-cp312-cp312-manylinux2014_x86_64.manylinux_2_17_x86_64.manylinux_2_28_x86_64.whl (22 kB)
#10 378.0 Downloading mpmath-1.3.0-py3-none-any.whl (536 kB)
#10 378.0    ━━━━━━━━━━━━━━━━━━━━━━━━━━━━━━━━━━━━━━━━ 536.2/536.2 kB 11.8 MB/s eta 0:00:00
#10 378.0 Downloading nodeenv-1.9.1-py2.py3-none-any.whl (22 kB)
#10 378.0 Downloading regex-2025.9.18-cp312-cp312-manylinux2014_x86_64.manylinux_2_17_x86_64.manylinux_2_28_x86_64.whl (802 kB)
#10 378.1    ━━━━━━━━━━━━━━━━━━━━━━━━━━━━━━━━━━━━━━━━ 802.0/802.0 kB 11.8 MB/s eta 0:00:00
#10 378.1 Downloading safetensors-0.6.2-cp38-abi3-manylinux_2_17_x86_64.manylinux2014_x86_64.whl (485 kB)
#10 378.1 Downloading six-1.17.0-py2.py3-none-any.whl (11 kB)
#10 378.2 Downloading tokenizers-0.22.1-cp39-abi3-manylinux_2_17_x86_64.manylinux2014_x86_64.whl (3.3 MB)
#10 378.4    ━━━━━━━━━━━━━━━━━━━━━━━━━━━━━━━━━━━━━━━━ 3.3/3.3 MB 11.7 MB/s eta 0:00:00
#10 378.4 Downloading tqdm-4.67.1-py3-none-any.whl (78 kB)
#10 378.4 Downloading typing_inspection-0.4.2-py3-none-any.whl (14 kB)
#10 378.5 Downloading virtualenv-20.35.3-py3-none-any.whl (6.0 MB)
#10 379.0    ━━━━━━━━━━━━━━━━━━━━━━━━━━━━━━━━━━━━━━━━ 6.0/6.0 MB 11.9 MB/s eta 0:00:00
#10 379.0 Downloading requests-2.32.5-py3-none-any.whl (64 kB)
#10 379.0 Downloading charset_normalizer-3.4.4-cp312-cp312-manylinux2014_x86_64.manylinux_2_17_x86_64.manylinux_2_28_x86_64.whl (153 kB)
#10 379.0 Downloading distlib-0.4.0-py2.py3-none-any.whl (469 kB)
#10 379.0 Downloading hf_xet-1.1.10-cp37-abi3-manylinux_2_17_x86_64.manylinux2014_x86_64.whl (3.2 MB)
#10 379.3    ━━━━━━━━━━━━━━━━━━━━━━━━━━━━━━━━━━━━━━━━ 3.2/3.2 MB 11.7 MB/s eta 0:00:00
#10 379.3 Downloading urllib3-2.5.0-py3-none-any.whl (129 kB)
#10 382.7 Installing collected packages: nvidia-cusparselt-cu12, mpmath, filetype, distlib, websockets, uvloop, urllib3, typing-extensions, triton, tqdm, sympy, sniffio, six, setuptools, safetensors, regex, pyyaml, python-multipart, python-dotenv, pypdfium2, pyparsing, PyMuPDFb, psutil, pluggy, platformdirs, Pillow, packaging, nvidia-nvtx-cu12, nvidia-nvshmem-cu12, nvidia-nvjitlink-cu12, nvidia-nccl-cu12, nvidia-curand-cu12, nvidia-cufile-cu12, nvidia-cuda-runtime-cu12, nvidia-cuda-nvrtc-cu12, nvidia-cuda-cupti-cu12, nvidia-cublas-cu12, numpy, nodeenv, networkx, MarkupSafe, kiwisolver, iniconfig, idna, identify, httptools, hf-xet, h11, fsspec, fonttools, filelock, einops, cycler, coverage, click, charset_normalizer, cfgv, certifi, annotated-types, aiofiles, virtualenv, uvicorn, typing-inspection, requests, python-dateutil, pytest, PyMuPDF, pydantic-core, opencv-python-headless, opencv-python, nvidia-cusparse-cu12, nvidia-cufft-cu12, nvidia-cudnn-cu12, jinja2, httpcore, contourpy, anyio, watchfiles, starlette, pytest-mock, pytest-cov, pytest-asyncio, pydantic, pre-commit, nvidia-cusolver-cu12, matplotlib, huggingface-hub, httpx, torch, tokenizers, pydantic-settings, fastapi, transformers, surya-ocr
#10 446.9 Successfully installed MarkupSafe-3.0.3 Pillow-10.4.0 PyMuPDF-1.24.10 PyMuPDFb-1.24.10 aiofiles-24.1.0 annotated-types-0.7.0 anyio-4.11.0 certifi-2025.10.5 cfgv-3.4.0 charset_normalizer-3.4.4 click-8.3.0 contourpy-1.3.3 coverage-7.3.4 cycler-0.12.1 distlib-0.4.0 einops-0.8.1 fastapi-0.118.0 filelock-3.20.0 filetype-1.2.0 fonttools-4.60.1 fsspec-2025.9.0 h11-0.16.0 hf-xet-1.1.10 httpcore-1.0.9 httptools-0.7.1 httpx-0.27.0 huggingface-hub-0.35.3 identify-2.6.15 idna-3.11 iniconfig-2.1.0 jinja2-3.1.6 kiwisolver-1.4.9 matplotlib-3.9.2 mpmath-1.3.0 networkx-3.5 nodeenv-1.9.1 numpy-1.26.4 nvidia-cublas-cu12-12.8.4.1 nvidia-cuda-cupti-cu12-12.8.90 nvidia-cuda-nvrtc-cu12-12.8.93 nvidia-cuda-runtime-cu12-12.8.90 nvidia-cudnn-cu12-9.10.2.21 nvidia-cufft-cu12-11.3.3.83 nvidia-cufile-cu12-1.13.1.3 nvidia-curand-cu12-10.3.9.90 nvidia-cusolver-cu12-11.7.3.90 nvidia-cusparse-cu12-12.5.8.93 nvidia-cusparselt-cu12-0.7.1 nvidia-nccl-cu12-2.27.5 nvidia-nvjitlink-cu12-12.8.93 nvidia-nvshmem-cu12-3.3.20 nvidia-nvtx-cu12-12.8.90 opencv-python-4.10.0.84 opencv-python-headless-4.11.0.86 packaging-25.0 platformdirs-4.5.0 pluggy-1.6.0 pre-commit-4.3.0 psutil-6.0.0 pydantic-2.9.1 pydantic-core-2.23.3 pydantic-settings-2.11.0 pyparsing-3.2.5 pypdfium2-4.30.0 pytest-7.4.4 pytest-asyncio-0.23.5 pytest-cov-4.1.0 pytest-mock-3.12.0 python-dateutil-2.9.0.post0 python-dotenv-1.1.1 python-multipart-0.0.9 pyyaml-6.0.3 regex-2025.9.18 requests-2.32.5 safetensors-0.6.2 setuptools-80.9.0 six-1.17.0 sniffio-1.3.1 starlette-0.48.0 surya-ocr-0.17.0 sympy-1.14.0 tokenizers-0.22.1 torch-2.9.0 tqdm-4.67.1 transformers-4.57.1 triton-3.5.0 typing-extensions-4.15.0 typing-inspection-0.4.2 urllib3-2.5.0 uvicorn-0.30.6 uvloop-0.21.0 virtualenv-20.35.3 watchfiles-1.1.1 websockets-15.0.1
#10 446.9 WARNING: Running pip as the 'root' user can result in broken permissions and conflicting behaviour with the system package manager, possibly rendering your system unusable. It is recommended to use a virtual environment instead: https://pip.pypa.io/warnings/venv. Use the --root-user-action option if you know what you are doing and want to suppress this warning.
#10 446.9 
#10 446.9 [notice] A new release of pip is available: 25.0.1 -> 25.2
#10 446.9 [notice] To update, run: pip install --upgrade pip
#10 DONE 450.0s

#11 [6/9] RUN pip install --no-cache-dir torch torchvision --index-url https://download.pytorch.org/whl/cpu
#11 0.746 Looking in indexes: https://download.pytorch.org/whl/cpu
#11 0.746 Requirement already satisfied: torch in /usr/local/lib/python3.12/site-packages (2.9.0)
#11 1.889 Collecting torchvision
#11 1.896   Downloading https://download.pytorch.org/whl/cpu/torchvision-0.24.0%2Bcpu-cp312-cp312-manylinux_2_28_x86_64.whl.metadata (5.9 kB)
#11 1.904 Requirement already satisfied: filelock in /usr/local/lib/python3.12/site-packages (from torch) (3.20.0)
#11 1.904 Requirement already satisfied: typing-extensions>=4.10.0 in /usr/local/lib/python3.12/site-packages (from torch) (4.15.0)
#11 1.905 Requirement already satisfied: setuptools in /usr/local/lib/python3.12/site-packages (from torch) (80.9.0)
#11 1.905 Requirement already satisfied: sympy>=1.13.3 in /usr/local/lib/python3.12/site-packages (from torch) (1.14.0)
#11 1.905 Requirement already satisfied: networkx>=2.5.1 in /usr/local/lib/python3.12/site-packages (from torch) (3.5)
#11 1.905 Requirement already satisfied: jinja2 in /usr/local/lib/python3.12/site-packages (from torch) (3.1.6)
#11 1.906 Requirement already satisfied: fsspec>=0.8.5 in /usr/local/lib/python3.12/site-packages (from torch) (2025.9.0)
#11 1.906 Requirement already satisfied: nvidia-cuda-nvrtc-cu12==12.8.93 in /usr/local/lib/python3.12/site-packages (from torch) (12.8.93)
#11 1.907 Requirement already satisfied: nvidia-cuda-runtime-cu12==12.8.90 in /usr/local/lib/python3.12/site-packages (from torch) (12.8.90)
#11 1.908 Requirement already satisfied: nvidia-cuda-cupti-cu12==12.8.90 in /usr/local/lib/python3.12/site-packages (from torch) (12.8.90)
#11 1.908 Requirement already satisfied: nvidia-cudnn-cu12==9.10.2.21 in /usr/local/lib/python3.12/site-packages (from torch) (9.10.2.21)
#11 1.909 Requirement already satisfied: nvidia-cublas-cu12==12.8.4.1 in /usr/local/lib/python3.12/site-packages (from torch) (12.8.4.1)
#11 1.909 Requirement already satisfied: nvidia-cufft-cu12==11.3.3.83 in /usr/local/lib/python3.12/site-packages (from torch) (11.3.3.83)
#11 1.910 Requirement already satisfied: nvidia-curand-cu12==10.3.9.90 in /usr/local/lib/python3.12/site-packages (from torch) (10.3.9.90)
#11 1.910 Requirement already satisfied: nvidia-cusolver-cu12==11.7.3.90 in /usr/local/lib/python3.12/site-packages (from torch) (11.7.3.90)
#11 1.911 Requirement already satisfied: nvidia-cusparse-cu12==12.5.8.93 in /usr/local/lib/python3.12/site-packages (from torch) (12.5.8.93)
#11 1.911 Requirement already satisfied: nvidia-cusparselt-cu12==0.7.1 in /usr/local/lib/python3.12/site-packages (from torch) (0.7.1)
#11 1.912 Requirement already satisfied: nvidia-nccl-cu12==2.27.5 in /usr/local/lib/python3.12/site-packages (from torch) (2.27.5)
#11 1.912 Requirement already satisfied: nvidia-nvshmem-cu12==3.3.20 in /usr/local/lib/python3.12/site-packages (from torch) (3.3.20)
#11 1.913 Requirement already satisfied: nvidia-nvtx-cu12==12.8.90 in /usr/local/lib/python3.12/site-packages (from torch) (12.8.90)
#11 1.913 Requirement already satisfied: nvidia-nvjitlink-cu12==12.8.93 in /usr/local/lib/python3.12/site-packages (from torch) (12.8.93)
#11 1.913 Requirement already satisfied: nvidia-cufile-cu12==1.13.1.3 in /usr/local/lib/python3.12/site-packages (from torch) (1.13.1.3)
#11 1.914 Requirement already satisfied: triton==3.5.0 in /usr/local/lib/python3.12/site-packages (from torch) (3.5.0)
#11 1.930 Requirement already satisfied: numpy in /usr/local/lib/python3.12/site-packages (from torchvision) (1.26.4)
#11 1.931 Requirement already satisfied: pillow!=8.3.*,>=5.3.0 in /usr/local/lib/python3.12/site-packages (from torchvision) (10.4.0)
#11 1.947 Requirement already satisfied: mpmath<1.4,>=1.1.0 in /usr/local/lib/python3.12/site-packages (from sympy>=1.13.3->torch) (1.3.0)
#11 1.950 Requirement already satisfied: MarkupSafe>=2.0 in /usr/local/lib/python3.12/site-packages (from jinja2->torch) (3.0.3)
#11 1.971 Downloading https://download.pytorch.org/whl/cpu/torchvision-0.24.0%2Bcpu-cp312-cp312-manylinux_2_28_x86_64.whl (1.9 MB)
#11 2.134    ━━━━━━━━━━━━━━━━━━━━━━━━━━━━━━━━━━━━━━━━ 1.9/1.9 MB 11.9 MB/s eta 0:00:00
#11 2.272 Installing collected packages: torchvision
#11 2.680 Successfully installed torchvision-0.24.0+cpu
#11 2.680 WARNING: Running pip as the 'root' user can result in broken permissions and conflicting behaviour with the system package manager, possibly rendering your system unusable. It is recommended to use a virtual environment instead: https://pip.pypa.io/warnings/venv. Use the --root-user-action option if you know what you are doing and want to suppress this warning.
#11 DONE 3.4s

#12 [7/9] COPY FastApi/ .
#12 DONE 0.1s

#13 [8/9] COPY fonts/ /fonts/
#13 DONE 0.2s

#14 [9/9] RUN mkdir -p /app/output /app/cache
#14 DONE 0.3s

#15 exporting to image
#15 exporting layers
#15 exporting layers 13.3s done
#15 writing image sha256:02e809c7ec756a6116ca91b36f25579385807b85bfdeafaf300ecd618cbe7f3a done
#15 naming to docker.io/library/40001-plobin-ocr-reader-cpu-ocr-reader-cpu 0.0s done
#15 DONE 13.3s

#16 resolving provenance for metadata file
#16 DONE 0.0s
 40001-plobin-ocr-reader-cpu-ocr-reader-cpu  Built
 Network 40001-plobin-ocr-reader-cpu_ocr-network  Creating
 Network 40001-plobin-ocr-reader-cpu_ocr-network  Created
 Container plobin-ocr-reader-cpu  Creating
 Container plobin-ocr-reader-cpu  Created
 Container plobin-ocr-reader-cpu  Starting
 Container plobin-ocr-reader-cpu  Started
